<?xml version="1.0" encoding="UTF-8"?>
<testng-results ignored="0" total="1" passed="1" failed="0" skipped="0">
  <reporter-output>
  </reporter-output>
  <suite started-at="2022-10-27T20:46:15 IST" name="Default suite" finished-at="2022-10-27T20:46:33 IST" duration-ms="18109">
    <groups>
    </groups>
    <test started-at="2022-10-27T20:46:15 IST" name="Default test" finished-at="2022-10-27T20:46:33 IST" duration-ms="18109">
      <class name="stud.Student">
        <test-method signature="student()[pri:0, instance:stud.Student@54a7079e]" started-at="2022-10-27T20:46:15 IST" name="student" finished-at="2022-10-27T20:46:33 IST" duration-ms="18029" status="PASS">
          <reporter-output>
          </reporter-output>
        </test-method> <!-- student -->
      </class> <!-- stud.Student -->
    </test> <!-- Default test -->
  </suite> <!-- Default suite -->
</testng-results>
