<?xml version="1.0" encoding="UTF-8"?>
<testng-results ignored="0" total="1" passed="1" failed="0" skipped="0">
  <reporter-output>
  </reporter-output>
  <suite started-at="2022-10-27T11:53:00 IST" name="Default suite" finished-at="2022-10-27T11:53:19 IST" duration-ms="18949">
    <groups>
    </groups>
    <test started-at="2022-10-27T11:53:00 IST" name="Default test" finished-at="2022-10-27T11:53:19 IST" duration-ms="18949">
      <class name="stud.Student">
        <test-method signature="student()[pri:0, instance:stud.Student@61001b64]" started-at="2022-10-27T11:53:00 IST" name="student" finished-at="2022-10-27T11:53:19 IST" duration-ms="18871" status="PASS">
          <reporter-output>
          </reporter-output>
        </test-method> <!-- student -->
      </class> <!-- stud.Student -->
    </test> <!-- Default test -->
  </suite> <!-- Default suite -->
</testng-results>
